<?xml version="1.0" encoding="UTF-8"?>
<!-- Generated by org.testng.reporters.JUnitReportReporter -->
<testsuite hostname="KESHAV-AC0275" failures="0" tests="4" name="testngsuite.VendorTests" time="9.479" errors="0" timestamp="2025-06-25T10:40:08 IST" skipped="0">
  <testcase classname="testngsuite.VendorTests" name="testCountrySelection" time="0.650"/>
  <testcase classname="testngsuite.VendorTests" name="testVendorSectionNavigation" time="5.147"/>
  <testcase classname="testngsuite.VendorTests" name="testVendorExtraction" time="3.666"/>
  <testcase classname="testngsuite.VendorTests" name="testCsvFileGenerated" time="0.016"/>
</testsuite> <!-- testngsuite.VendorTests -->
