<?xml version="1.0" encoding="UTF-8"?>
<!-- Generated by org.testng.reporters.JUnitReportReporter -->
<testsuite hostname="KESHAV-AC0275" failures="0" tests="1" name="testngsuite.HobbyClubTest" time="33.415" errors="0" timestamp="2025-06-30T17:12:36 IST" skipped="0">
  <testcase classname="testngsuite.HobbyClubTest" name="testJoinAndLeaveClub" time="33.415"/>
</testsuite> <!-- testngsuite.HobbyClubTest -->
