<?xml version="1.0" encoding="UTF-8"?>
<!-- Generated by org.testng.reporters.JUnitReportReporter -->
<testsuite hostname="KESHAV-AC0275" failures="0" tests="1" name="testngsuite.HobbyClubTest" time="4.729" errors="0" timestamp="2025-06-27T16:57:44 IST" skipped="0">
  <testcase classname="testngsuite.HobbyClubTest" name="testPostBuzzInFirstClub" time="4.729"/>
</testsuite> <!-- testngsuite.HobbyClubTest -->
