<?xml version="1.0" encoding="UTF-8"?>
<!-- Generated by org.testng.reporters.JUnitReportReporter -->
<testsuite hostname="KESHAV-AC0275" failures="0" tests="1" name="testngsuite.HobbyClub" time="1.478" errors="0" timestamp="2025-06-25T16:13:37 IST" skipped="0">
  <testcase classname="testngsuite.HobbyClub" name="testHobbyClubAccessAndPopup" time="1.478"/>
</testsuite> <!-- testngsuite.HobbyClub -->
