<?xml version="1.0" encoding="UTF-8"?>
<!-- Generated by org.testng.reporters.JUnitReportReporter -->
<testsuite hostname="KESHAV-AC0275" failures="0" tests="4" name="testngsuite.VendorTests" time="9.909" errors="0" timestamp="2025-06-25T11:33:21 IST" skipped="0">
  <testcase classname="testngsuite.VendorTests" name="testCountrySelection" time="0.629"/>
  <testcase classname="testngsuite.VendorTests" name="testVendorSectionNavigation" time="5.268"/>
  <testcase classname="testngsuite.VendorTests" name="testVendorExtraction" time="4.002"/>
  <testcase classname="testngsuite.VendorTests" name="testCsvFileGenerated" time="0.010"/>
</testsuite> <!-- testngsuite.VendorTests -->
